[2024-12-26T06:20:21.902+0000] {local_task_job_runner.py:123} INFO - ::group::Pre task execution logs
[2024-12-26T06:20:21.931+0000] {taskinstance.py:2613} INFO - Dependencies all met for dep_context=non-requeueable deps ti=<TaskInstance: api_to_kafka_pipeline.fetch_and_produce_data manual__2024-12-26T06:20:20.886729+00:00 [queued]>
[2024-12-26T06:20:21.941+0000] {taskinstance.py:2613} INFO - Dependencies all met for dep_context=requeueable deps ti=<TaskInstance: api_to_kafka_pipeline.fetch_and_produce_data manual__2024-12-26T06:20:20.886729+00:00 [queued]>
[2024-12-26T06:20:21.942+0000] {taskinstance.py:2866} INFO - Starting attempt 1 of 2
[2024-12-26T06:20:21.963+0000] {taskinstance.py:2889} INFO - Executing <Task(PythonOperator): fetch_and_produce_data> on 2024-12-26 06:20:20.886729+00:00
[2024-12-26T06:20:21.983+0000] {standard_task_runner.py:104} INFO - Running: ['airflow', 'tasks', 'run', 'api_to_kafka_pipeline', 'fetch_and_produce_data', 'manual__2024-12-26T06:20:20.886729+00:00', '--job-id', '82', '--raw', '--subdir', 'DAGS_FOLDER/api_to_kafka_dag.py', '--cfg-path', '/tmp/tmpe85m87ho']
[2024-12-26T06:20:21.990+0000] {standard_task_runner.py:105} INFO - Job 82: Subtask fetch_and_produce_data
[2024-12-26T06:20:21.996+0000] {logging_mixin.py:190} WARNING - /home/airflow/.local/lib/python3.12/site-packages/airflow/task/task_runner/standard_task_runner.py:70 DeprecationWarning: This process (pid=458) is multi-threaded, use of fork() may lead to deadlocks in the child.
[2024-12-26T06:20:21.996+0000] {standard_task_runner.py:72} INFO - Started process 462 to run task
[2024-12-26T06:20:22.089+0000] {task_command.py:467} INFO - Running <TaskInstance: api_to_kafka_pipeline.fetch_and_produce_data manual__2024-12-26T06:20:20.886729+00:00 [running]> on host a7d7ef0c0878
[2024-12-26T06:20:22.212+0000] {taskinstance.py:3132} INFO - Exporting env vars: AIRFLOW_CTX_DAG_OWNER='airflow' AIRFLOW_CTX_DAG_ID='api_to_kafka_pipeline' AIRFLOW_CTX_TASK_ID='fetch_and_produce_data' AIRFLOW_CTX_EXECUTION_DATE='2024-12-26T06:20:20.886729+00:00' AIRFLOW_CTX_TRY_NUMBER='1' AIRFLOW_CTX_DAG_RUN_ID='manual__2024-12-26T06:20:20.886729+00:00'
[2024-12-26T06:20:22.215+0000] {taskinstance.py:731} INFO - ::endgroup::
[2024-12-26T06:20:22.707+0000] {logging_mixin.py:190} INFO - ✅ Data fetched successfully for IBM at 5min interval.
[2024-12-26T06:20:22.710+0000] {logging_mixin.py:190} INFO - 🚀 Sending data to Kafka...
[2024-12-26T06:21:17.871+0000] {local_task_job_runner.py:346} WARNING - State of this instance has been externally set to success. Terminating instance.
[2024-12-26T06:21:17.873+0000] {local_task_job_runner.py:245} INFO - ::endgroup::
[2024-12-26T06:21:17.883+0000] {process_utils.py:132} INFO - Sending 15 to group 462. PIDs of all processes in the group: [462]
[2024-12-26T06:21:17.886+0000] {process_utils.py:87} INFO - Sending the signal 15 to group 462
[2024-12-26T06:22:17.893+0000] {process_utils.py:150} WARNING - process psutil.Process(pid=462, name='airflow task ru', status='sleeping', started='06:20:21') did not respond to SIGTERM. Trying SIGKILL
[2024-12-26T06:22:17.901+0000] {process_utils.py:87} INFO - Sending the signal 9 to group 462
[2024-12-26T06:22:17.917+0000] {process_utils.py:80} INFO - Process psutil.Process(pid=462, name='airflow task ru', status='terminated', exitcode=<Negsignal.SIGKILL: -9>, started='06:20:21') (462) terminated with exit code -9
[2024-12-26T06:22:17.921+0000] {standard_task_runner.py:190} ERROR - ('Job 82 was killed before it finished (likely due to running out of memory)', 'For more information, see https://airflow.apache.org/docs/apache-airflow/stable/troubleshooting.html#LocalTaskJob-killed')
