[2024-12-25T18:07:24.352+0000] {local_task_job_runner.py:123} INFO - ::group::Pre task execution logs
[2024-12-25T18:07:24.380+0000] {taskinstance.py:2613} INFO - Dependencies all met for dep_context=non-requeueable deps ti=<TaskInstance: api_to_kafka_pipeline.fetch_and_produce_data scheduled__2024-12-25T17:00:00+00:00 [queued]>
[2024-12-25T18:07:24.393+0000] {taskinstance.py:2613} INFO - Dependencies all met for dep_context=requeueable deps ti=<TaskInstance: api_to_kafka_pipeline.fetch_and_produce_data scheduled__2024-12-25T17:00:00+00:00 [queued]>
[2024-12-25T18:07:24.394+0000] {taskinstance.py:2866} INFO - Starting attempt 2 of 2
[2024-12-25T18:07:24.419+0000] {taskinstance.py:2889} INFO - Executing <Task(PythonOperator): fetch_and_produce_data> on 2024-12-25 17:00:00+00:00
[2024-12-25T18:07:24.433+0000] {standard_task_runner.py:104} INFO - Running: ['airflow', 'tasks', 'run', 'api_to_kafka_pipeline', 'fetch_and_produce_data', 'scheduled__2024-12-25T17:00:00+00:00', '--job-id', '59', '--raw', '--subdir', 'DAGS_FOLDER/api_to_kafka_dag.py', '--cfg-path', '/tmp/tmp_r_bu51l']
[2024-12-25T18:07:24.436+0000] {standard_task_runner.py:105} INFO - Job 59: Subtask fetch_and_produce_data
[2024-12-25T18:07:24.437+0000] {logging_mixin.py:190} WARNING - /home/airflow/.local/lib/python3.12/site-packages/airflow/task/task_runner/standard_task_runner.py:70 DeprecationWarning: This process (pid=5677) is multi-threaded, use of fork() may lead to deadlocks in the child.
[2024-12-25T18:07:24.438+0000] {standard_task_runner.py:72} INFO - Started process 5681 to run task
[2024-12-25T18:07:24.536+0000] {task_command.py:467} INFO - Running <TaskInstance: api_to_kafka_pipeline.fetch_and_produce_data scheduled__2024-12-25T17:00:00+00:00 [running]> on host 0f607e57b1dd
[2024-12-25T18:07:24.744+0000] {taskinstance.py:3132} INFO - Exporting env vars: AIRFLOW_CTX_DAG_OWNER='airflow' AIRFLOW_CTX_DAG_ID='api_to_kafka_pipeline' AIRFLOW_CTX_TASK_ID='fetch_and_produce_data' AIRFLOW_CTX_EXECUTION_DATE='2024-12-25T17:00:00+00:00' AIRFLOW_CTX_TRY_NUMBER='2' AIRFLOW_CTX_DAG_RUN_ID='scheduled__2024-12-25T17:00:00+00:00'
[2024-12-25T18:07:24.747+0000] {taskinstance.py:731} INFO - ::endgroup::
[2024-12-25T18:07:25.827+0000] {logging_mixin.py:190} INFO - ✅ Data fetched successfully for IBM at 5min interval.
[2024-12-25T18:07:25.829+0000] {logging_mixin.py:190} INFO - 🚀 Sending data to Kafka...
[2024-12-26T00:12:46.111+0000] {job.py:229} INFO - Heartbeat recovered after 21082.35 seconds
[2024-12-26T05:36:43.964+0000] {job.py:229} INFO - Heartbeat recovered after 19431.59 seconds
[2024-12-26T05:37:05.713+0000] {local_task_job_runner.py:346} WARNING - State of this instance has been externally set to failed. Terminating instance.
[2024-12-26T05:37:05.718+0000] {local_task_job_runner.py:245} INFO - ::endgroup::
[2024-12-26T05:37:05.734+0000] {process_utils.py:132} INFO - Sending 15 to group 5681. PIDs of all processes in the group: [5681]
[2024-12-26T05:37:05.742+0000] {process_utils.py:87} INFO - Sending the signal 15 to group 5681
[2024-12-26T05:38:05.751+0000] {process_utils.py:150} WARNING - process psutil.Process(pid=5681, name='airflow task ru', status='sleeping', started='18:07:24') did not respond to SIGTERM. Trying SIGKILL
[2024-12-26T05:38:05.767+0000] {process_utils.py:87} INFO - Sending the signal 9 to group 5681
[2024-12-26T05:38:05.795+0000] {process_utils.py:80} INFO - Process psutil.Process(pid=5681, name='airflow task ru', status='terminated', exitcode=<Negsignal.SIGKILL: -9>, started='18:07:24') (5681) terminated with exit code -9
[2024-12-26T05:38:05.800+0000] {standard_task_runner.py:190} ERROR - ('Job 59 was killed before it finished (likely due to running out of memory)', 'For more information, see https://airflow.apache.org/docs/apache-airflow/stable/troubleshooting.html#LocalTaskJob-killed')
