[2024-12-16T23:08:43.519+0000] {manager.py:483} INFO - Processing files using up to 1 processes at a time 
[2024-12-16T23:08:43.520+0000] {manager.py:484} INFO - Process each file at most once every 30 seconds
[2024-12-16T23:08:43.520+0000] {manager.py:485} INFO - Checking for new files in /usr/local/airflow/dags every 300 seconds
[2024-12-16T23:08:43.521+0000] {manager.py:821} INFO - Searching for files in /usr/local/airflow/dags
[2024-12-16T23:08:43.523+0000] {manager.py:824} INFO - There are 0 files in /usr/local/airflow/dags
[2024-12-16T23:14:04.386+0000] {manager.py:483} INFO - Processing files using up to 1 processes at a time 
[2024-12-16T23:14:04.388+0000] {manager.py:484} INFO - Process each file at most once every 30 seconds
[2024-12-16T23:14:04.389+0000] {manager.py:485} INFO - Checking for new files in /usr/local/airflow/dags every 300 seconds
[2024-12-16T23:14:04.390+0000] {manager.py:821} INFO - Searching for files in /usr/local/airflow/dags
[2024-12-16T23:14:04.394+0000] {manager.py:824} INFO - There are 0 files in /usr/local/airflow/dags
[2024-12-17T15:44:28.076+0000] {manager.py:483} INFO - Processing files using up to 1 processes at a time 
[2024-12-17T15:44:28.077+0000] {manager.py:484} INFO - Process each file at most once every 30 seconds
[2024-12-17T15:44:28.078+0000] {manager.py:485} INFO - Checking for new files in /usr/local/airflow/dags every 300 seconds
[2024-12-17T15:44:28.079+0000] {manager.py:821} INFO - Searching for files in /usr/local/airflow/dags
[2024-12-17T15:44:28.085+0000] {manager.py:824} INFO - There are 0 files in /usr/local/airflow/dags
[2024-12-17T15:49:28.728+0000] {manager.py:821} INFO - Searching for files in /usr/local/airflow/dags
[2024-12-17T15:49:28.732+0000] {manager.py:824} INFO - There are 0 files in /usr/local/airflow/dags
[2024-12-17T15:54:28.829+0000] {manager.py:821} INFO - Searching for files in /usr/local/airflow/dags
[2024-12-17T15:54:28.833+0000] {manager.py:824} INFO - There are 0 files in /usr/local/airflow/dags
[2024-12-17T15:59:29.126+0000] {manager.py:821} INFO - Searching for files in /usr/local/airflow/dags
[2024-12-17T15:59:29.139+0000] {manager.py:824} INFO - There are 0 files in /usr/local/airflow/dags
[2024-12-17T16:04:29.546+0000] {manager.py:821} INFO - Searching for files in /usr/local/airflow/dags
[2024-12-17T16:04:29.552+0000] {manager.py:824} INFO - There are 0 files in /usr/local/airflow/dags
[2024-12-17T16:09:30.053+0000] {manager.py:821} INFO - Searching for files in /usr/local/airflow/dags
[2024-12-17T16:09:30.061+0000] {manager.py:824} INFO - There are 0 files in /usr/local/airflow/dags
[2024-12-17T16:14:30.517+0000] {manager.py:821} INFO - Searching for files in /usr/local/airflow/dags
[2024-12-17T16:14:30.523+0000] {manager.py:824} INFO - There are 0 files in /usr/local/airflow/dags
[2024-12-17T16:19:31.236+0000] {manager.py:821} INFO - Searching for files in /usr/local/airflow/dags
[2024-12-17T16:19:31.242+0000] {manager.py:824} INFO - There are 0 files in /usr/local/airflow/dags
[2024-12-17T16:24:32.986+0000] {manager.py:821} INFO - Searching for files in /usr/local/airflow/dags
[2024-12-17T16:24:32.995+0000] {manager.py:824} INFO - There are 0 files in /usr/local/airflow/dags
[2024-12-17T16:29:34.009+0000] {manager.py:821} INFO - Searching for files in /usr/local/airflow/dags
[2024-12-17T16:29:34.016+0000] {manager.py:824} INFO - There are 0 files in /usr/local/airflow/dags
[2024-12-17T16:34:34.797+0000] {manager.py:821} INFO - Searching for files in /usr/local/airflow/dags
[2024-12-17T16:34:34.801+0000] {manager.py:824} INFO - There are 0 files in /usr/local/airflow/dags
[2024-12-17T16:39:35.469+0000] {manager.py:821} INFO - Searching for files in /usr/local/airflow/dags
[2024-12-17T16:39:35.480+0000] {manager.py:824} INFO - There are 0 files in /usr/local/airflow/dags
[2024-12-17T16:44:35.493+0000] {manager.py:821} INFO - Searching for files in /usr/local/airflow/dags
[2024-12-17T16:44:35.498+0000] {manager.py:824} INFO - There are 0 files in /usr/local/airflow/dags
[2024-12-17T16:49:36.102+0000] {manager.py:821} INFO - Searching for files in /usr/local/airflow/dags
[2024-12-17T16:49:36.108+0000] {manager.py:824} INFO - There are 0 files in /usr/local/airflow/dags
[2024-12-17T16:54:36.285+0000] {manager.py:821} INFO - Searching for files in /usr/local/airflow/dags
[2024-12-17T16:54:36.297+0000] {manager.py:824} INFO - There are 0 files in /usr/local/airflow/dags
[2024-12-17T16:59:37.145+0000] {manager.py:821} INFO - Searching for files in /usr/local/airflow/dags
[2024-12-17T16:59:37.153+0000] {manager.py:824} INFO - There are 0 files in /usr/local/airflow/dags
[2024-12-17T17:04:37.261+0000] {manager.py:821} INFO - Searching for files in /usr/local/airflow/dags
[2024-12-17T17:04:37.265+0000] {manager.py:824} INFO - There are 0 files in /usr/local/airflow/dags
[2024-12-17T17:09:37.433+0000] {manager.py:821} INFO - Searching for files in /usr/local/airflow/dags
[2024-12-17T17:09:37.437+0000] {manager.py:824} INFO - There are 0 files in /usr/local/airflow/dags
[2024-12-17T17:14:37.891+0000] {manager.py:821} INFO - Searching for files in /usr/local/airflow/dags
[2024-12-17T17:14:37.898+0000] {manager.py:824} INFO - There are 0 files in /usr/local/airflow/dags
[2024-12-17T17:19:38.098+0000] {manager.py:821} INFO - Searching for files in /usr/local/airflow/dags
[2024-12-17T17:19:38.105+0000] {manager.py:824} INFO - There are 0 files in /usr/local/airflow/dags
[2024-12-17T17:24:38.228+0000] {manager.py:821} INFO - Searching for files in /usr/local/airflow/dags
[2024-12-17T17:24:38.244+0000] {manager.py:824} INFO - There are 0 files in /usr/local/airflow/dags
[2024-12-17T17:29:38.342+0000] {manager.py:821} INFO - Searching for files in /usr/local/airflow/dags
[2024-12-17T17:29:38.352+0000] {manager.py:824} INFO - There are 0 files in /usr/local/airflow/dags
[2024-12-17T17:34:39.297+0000] {manager.py:821} INFO - Searching for files in /usr/local/airflow/dags
[2024-12-17T17:34:39.307+0000] {manager.py:824} INFO - There are 0 files in /usr/local/airflow/dags
[2024-12-17T17:39:39.470+0000] {manager.py:821} INFO - Searching for files in /usr/local/airflow/dags
[2024-12-17T17:39:39.480+0000] {manager.py:824} INFO - There are 0 files in /usr/local/airflow/dags
[2024-12-17T17:44:39.470+0000] {manager.py:821} INFO - Searching for files in /usr/local/airflow/dags
[2024-12-17T17:44:39.477+0000] {manager.py:824} INFO - There are 0 files in /usr/local/airflow/dags
[2024-12-17T17:49:40.390+0000] {manager.py:821} INFO - Searching for files in /usr/local/airflow/dags
[2024-12-17T17:49:40.400+0000] {manager.py:824} INFO - There are 0 files in /usr/local/airflow/dags
[2024-12-17T17:54:40.614+0000] {manager.py:821} INFO - Searching for files in /usr/local/airflow/dags
[2024-12-17T17:54:40.619+0000] {manager.py:824} INFO - There are 0 files in /usr/local/airflow/dags
[2024-12-17T17:59:41.373+0000] {manager.py:821} INFO - Searching for files in /usr/local/airflow/dags
[2024-12-17T17:59:41.383+0000] {manager.py:824} INFO - There are 0 files in /usr/local/airflow/dags
[2024-12-17T18:04:43.032+0000] {manager.py:821} INFO - Searching for files in /usr/local/airflow/dags
[2024-12-17T18:04:43.035+0000] {manager.py:824} INFO - There are 0 files in /usr/local/airflow/dags
[2024-12-17T18:09:43.492+0000] {manager.py:821} INFO - Searching for files in /usr/local/airflow/dags
[2024-12-17T18:09:43.494+0000] {manager.py:824} INFO - There are 0 files in /usr/local/airflow/dags
[2024-12-17T18:14:43.891+0000] {manager.py:821} INFO - Searching for files in /usr/local/airflow/dags
[2024-12-17T18:14:43.899+0000] {manager.py:824} INFO - There are 0 files in /usr/local/airflow/dags
[2024-12-17T18:19:44.758+0000] {manager.py:821} INFO - Searching for files in /usr/local/airflow/dags
[2024-12-17T18:19:44.764+0000] {manager.py:824} INFO - There are 0 files in /usr/local/airflow/dags
[2024-12-17T18:24:44.980+0000] {manager.py:821} INFO - Searching for files in /usr/local/airflow/dags
[2024-12-17T18:24:44.982+0000] {manager.py:824} INFO - There are 0 files in /usr/local/airflow/dags
[2024-12-17T18:29:45.331+0000] {manager.py:821} INFO - Searching for files in /usr/local/airflow/dags
[2024-12-17T18:29:45.335+0000] {manager.py:824} INFO - There are 0 files in /usr/local/airflow/dags
[2024-12-17T18:34:45.359+0000] {manager.py:821} INFO - Searching for files in /usr/local/airflow/dags
[2024-12-17T18:34:45.360+0000] {manager.py:824} INFO - There are 0 files in /usr/local/airflow/dags
[2024-12-17T18:39:45.400+0000] {manager.py:821} INFO - Searching for files in /usr/local/airflow/dags
[2024-12-17T18:39:45.402+0000] {manager.py:824} INFO - There are 0 files in /usr/local/airflow/dags
[2024-12-17T18:44:45.486+0000] {manager.py:821} INFO - Searching for files in /usr/local/airflow/dags
[2024-12-17T18:44:45.487+0000] {manager.py:824} INFO - There are 0 files in /usr/local/airflow/dags
[2024-12-17T18:49:45.752+0000] {manager.py:821} INFO - Searching for files in /usr/local/airflow/dags
[2024-12-17T18:49:45.754+0000] {manager.py:824} INFO - There are 0 files in /usr/local/airflow/dags
[2024-12-17T18:54:46.414+0000] {manager.py:821} INFO - Searching for files in /usr/local/airflow/dags
[2024-12-17T18:54:46.416+0000] {manager.py:824} INFO - There are 0 files in /usr/local/airflow/dags
[2024-12-17T18:59:46.574+0000] {manager.py:821} INFO - Searching for files in /usr/local/airflow/dags
[2024-12-17T18:59:46.575+0000] {manager.py:824} INFO - There are 0 files in /usr/local/airflow/dags
[2024-12-17T19:04:46.634+0000] {manager.py:821} INFO - Searching for files in /usr/local/airflow/dags
[2024-12-17T19:04:46.636+0000] {manager.py:824} INFO - There are 0 files in /usr/local/airflow/dags
[2024-12-17T19:09:47.492+0000] {manager.py:821} INFO - Searching for files in /usr/local/airflow/dags
[2024-12-17T19:09:47.504+0000] {manager.py:824} INFO - There are 0 files in /usr/local/airflow/dags
[2024-12-17T19:14:47.856+0000] {manager.py:821} INFO - Searching for files in /usr/local/airflow/dags
[2024-12-17T19:14:47.859+0000] {manager.py:824} INFO - There are 0 files in /usr/local/airflow/dags
[2024-12-17T19:19:48.259+0000] {manager.py:821} INFO - Searching for files in /usr/local/airflow/dags
[2024-12-17T19:19:48.262+0000] {manager.py:824} INFO - There are 0 files in /usr/local/airflow/dags
[2024-12-17T19:24:48.626+0000] {manager.py:821} INFO - Searching for files in /usr/local/airflow/dags
[2024-12-17T19:24:48.628+0000] {manager.py:824} INFO - There are 0 files in /usr/local/airflow/dags
[2024-12-17T19:29:49.137+0000] {manager.py:821} INFO - Searching for files in /usr/local/airflow/dags
[2024-12-17T19:29:49.138+0000] {manager.py:824} INFO - There are 0 files in /usr/local/airflow/dags
[2024-12-17T19:34:49.597+0000] {manager.py:821} INFO - Searching for files in /usr/local/airflow/dags
[2024-12-17T19:34:49.598+0000] {manager.py:824} INFO - There are 0 files in /usr/local/airflow/dags
[2024-12-17T19:39:49.737+0000] {manager.py:821} INFO - Searching for files in /usr/local/airflow/dags
[2024-12-17T19:39:49.739+0000] {manager.py:824} INFO - There are 0 files in /usr/local/airflow/dags
[2024-12-17T19:44:50.375+0000] {manager.py:821} INFO - Searching for files in /usr/local/airflow/dags
[2024-12-17T19:44:50.378+0000] {manager.py:824} INFO - There are 0 files in /usr/local/airflow/dags
[2024-12-17T19:49:51.415+0000] {manager.py:821} INFO - Searching for files in /usr/local/airflow/dags
[2024-12-17T19:49:51.417+0000] {manager.py:824} INFO - There are 0 files in /usr/local/airflow/dags
[2024-12-17T19:54:51.527+0000] {manager.py:821} INFO - Searching for files in /usr/local/airflow/dags
[2024-12-17T19:54:51.530+0000] {manager.py:824} INFO - There are 0 files in /usr/local/airflow/dags
[2024-12-17T19:59:51.972+0000] {manager.py:821} INFO - Searching for files in /usr/local/airflow/dags
[2024-12-17T19:59:51.974+0000] {manager.py:824} INFO - There are 0 files in /usr/local/airflow/dags
[2024-12-17T20:04:52.286+0000] {manager.py:821} INFO - Searching for files in /usr/local/airflow/dags
[2024-12-17T20:04:52.290+0000] {manager.py:824} INFO - There are 0 files in /usr/local/airflow/dags
[2024-12-17T20:09:52.604+0000] {manager.py:821} INFO - Searching for files in /usr/local/airflow/dags
[2024-12-17T20:09:52.608+0000] {manager.py:824} INFO - There are 0 files in /usr/local/airflow/dags
[2024-12-17T20:14:53.473+0000] {manager.py:821} INFO - Searching for files in /usr/local/airflow/dags
[2024-12-17T20:14:53.476+0000] {manager.py:824} INFO - There are 0 files in /usr/local/airflow/dags
[2024-12-17T20:19:53.598+0000] {manager.py:821} INFO - Searching for files in /usr/local/airflow/dags
[2024-12-17T20:19:53.599+0000] {manager.py:824} INFO - There are 0 files in /usr/local/airflow/dags
[2024-12-17T20:24:53.880+0000] {manager.py:821} INFO - Searching for files in /usr/local/airflow/dags
[2024-12-17T20:24:53.882+0000] {manager.py:824} INFO - There are 0 files in /usr/local/airflow/dags
[2024-12-17T20:29:54.883+0000] {manager.py:821} INFO - Searching for files in /usr/local/airflow/dags
[2024-12-17T20:29:54.885+0000] {manager.py:824} INFO - There are 0 files in /usr/local/airflow/dags
[2024-12-17T20:34:54.890+0000] {manager.py:821} INFO - Searching for files in /usr/local/airflow/dags
[2024-12-17T20:34:54.892+0000] {manager.py:824} INFO - There are 0 files in /usr/local/airflow/dags
[2024-12-17T20:39:56.051+0000] {manager.py:821} INFO - Searching for files in /usr/local/airflow/dags
[2024-12-17T20:39:56.054+0000] {manager.py:824} INFO - There are 0 files in /usr/local/airflow/dags
[2024-12-17T20:44:56.712+0000] {manager.py:821} INFO - Searching for files in /usr/local/airflow/dags
[2024-12-17T20:44:56.715+0000] {manager.py:824} INFO - There are 0 files in /usr/local/airflow/dags
[2024-12-17T20:49:57.700+0000] {manager.py:821} INFO - Searching for files in /usr/local/airflow/dags
[2024-12-17T20:49:57.701+0000] {manager.py:824} INFO - There are 0 files in /usr/local/airflow/dags
[2024-12-17T21:28:30.540+0000] {manager.py:483} INFO - Processing files using up to 1 processes at a time 
[2024-12-17T21:28:30.542+0000] {manager.py:484} INFO - Process each file at most once every 30 seconds
[2024-12-17T21:28:30.543+0000] {manager.py:485} INFO - Checking for new files in /usr/local/airflow/dags every 300 seconds
[2024-12-17T21:28:30.544+0000] {manager.py:821} INFO - Searching for files in /usr/local/airflow/dags
[2024-12-17T21:28:30.550+0000] {manager.py:824} INFO - There are 0 files in /usr/local/airflow/dags
[2024-12-17T21:33:31.048+0000] {manager.py:821} INFO - Searching for files in /usr/local/airflow/dags
[2024-12-17T21:33:31.063+0000] {manager.py:824} INFO - There are 0 files in /usr/local/airflow/dags
[2024-12-17T21:36:39.674+0000] {manager.py:483} INFO - Processing files using up to 1 processes at a time 
[2024-12-17T21:36:39.675+0000] {manager.py:484} INFO - Process each file at most once every 30 seconds
[2024-12-17T21:36:39.675+0000] {manager.py:485} INFO - Checking for new files in /usr/local/airflow/dags every 300 seconds
[2024-12-17T21:36:39.676+0000] {manager.py:821} INFO - Searching for files in /usr/local/airflow/dags
[2024-12-17T21:36:39.678+0000] {manager.py:824} INFO - There are 0 files in /usr/local/airflow/dags
[2024-12-17T21:41:40.066+0000] {manager.py:821} INFO - Searching for files in /usr/local/airflow/dags
[2024-12-17T21:41:40.069+0000] {manager.py:824} INFO - There are 0 files in /usr/local/airflow/dags
[2024-12-17T21:46:40.498+0000] {manager.py:821} INFO - Searching for files in /usr/local/airflow/dags
[2024-12-17T21:46:40.501+0000] {manager.py:824} INFO - There are 0 files in /usr/local/airflow/dags
[2024-12-17T21:51:41.088+0000] {manager.py:821} INFO - Searching for files in /usr/local/airflow/dags
[2024-12-17T21:51:41.094+0000] {manager.py:824} INFO - There are 0 files in /usr/local/airflow/dags
[2024-12-17T21:56:41.949+0000] {manager.py:821} INFO - Searching for files in /usr/local/airflow/dags
[2024-12-17T21:56:41.953+0000] {manager.py:824} INFO - There are 0 files in /usr/local/airflow/dags
[2024-12-17T22:01:42.010+0000] {manager.py:821} INFO - Searching for files in /usr/local/airflow/dags
[2024-12-17T22:01:42.015+0000] {manager.py:824} INFO - There are 0 files in /usr/local/airflow/dags
[2024-12-17T22:06:42.132+0000] {manager.py:821} INFO - Searching for files in /usr/local/airflow/dags
[2024-12-17T22:06:42.143+0000] {manager.py:824} INFO - There are 0 files in /usr/local/airflow/dags
[2024-12-17T22:11:42.777+0000] {manager.py:821} INFO - Searching for files in /usr/local/airflow/dags
[2024-12-17T22:11:42.780+0000] {manager.py:824} INFO - There are 0 files in /usr/local/airflow/dags
[2024-12-17T22:16:43.084+0000] {manager.py:821} INFO - Searching for files in /usr/local/airflow/dags
[2024-12-17T22:16:43.097+0000] {manager.py:824} INFO - There are 0 files in /usr/local/airflow/dags
[2024-12-17T22:21:43.464+0000] {manager.py:821} INFO - Searching for files in /usr/local/airflow/dags
[2024-12-17T22:21:43.468+0000] {manager.py:824} INFO - There are 0 files in /usr/local/airflow/dags
[2024-12-17T22:26:43.699+0000] {manager.py:821} INFO - Searching for files in /usr/local/airflow/dags
[2024-12-17T22:26:43.704+0000] {manager.py:824} INFO - There are 0 files in /usr/local/airflow/dags
[2024-12-17T22:31:43.984+0000] {manager.py:821} INFO - Searching for files in /usr/local/airflow/dags
[2024-12-17T22:31:43.991+0000] {manager.py:824} INFO - There are 0 files in /usr/local/airflow/dags
[2024-12-17T22:36:44.376+0000] {manager.py:821} INFO - Searching for files in /usr/local/airflow/dags
[2024-12-17T22:36:44.380+0000] {manager.py:824} INFO - There are 0 files in /usr/local/airflow/dags
[2024-12-17T22:41:44.830+0000] {manager.py:821} INFO - Searching for files in /usr/local/airflow/dags
[2024-12-17T22:41:44.839+0000] {manager.py:824} INFO - There are 0 files in /usr/local/airflow/dags
[2024-12-17T22:46:45.319+0000] {manager.py:821} INFO - Searching for files in /usr/local/airflow/dags
[2024-12-17T22:46:45.328+0000] {manager.py:824} INFO - There are 0 files in /usr/local/airflow/dags
[2024-12-17T22:51:45.342+0000] {manager.py:821} INFO - Searching for files in /usr/local/airflow/dags
[2024-12-17T22:51:45.344+0000] {manager.py:824} INFO - There are 0 files in /usr/local/airflow/dags
[2024-12-17T22:56:45.736+0000] {manager.py:821} INFO - Searching for files in /usr/local/airflow/dags
[2024-12-17T22:56:45.743+0000] {manager.py:824} INFO - There are 0 files in /usr/local/airflow/dags
[2024-12-17T23:01:46.668+0000] {manager.py:821} INFO - Searching for files in /usr/local/airflow/dags
[2024-12-17T23:01:46.672+0000] {manager.py:824} INFO - There are 0 files in /usr/local/airflow/dags
[2024-12-18T04:23:58.882+0000] {manager.py:483} INFO - Processing files using up to 1 processes at a time 
[2024-12-18T04:23:58.894+0000] {manager.py:484} INFO - Process each file at most once every 30 seconds
[2024-12-18T04:23:58.897+0000] {manager.py:485} INFO - Checking for new files in /usr/local/airflow/dags every 300 seconds
[2024-12-18T04:23:58.898+0000] {manager.py:821} INFO - Searching for files in /usr/local/airflow/dags
[2024-12-18T04:23:58.928+0000] {manager.py:824} INFO - There are 0 files in /usr/local/airflow/dags
[2024-12-18T04:28:59.926+0000] {manager.py:821} INFO - Searching for files in /usr/local/airflow/dags
[2024-12-18T04:28:59.959+0000] {manager.py:824} INFO - There are 0 files in /usr/local/airflow/dags
[2024-12-18T04:34:00.338+0000] {manager.py:821} INFO - Searching for files in /usr/local/airflow/dags
[2024-12-18T04:34:00.346+0000] {manager.py:824} INFO - There are 0 files in /usr/local/airflow/dags
[2024-12-18T04:39:00.787+0000] {manager.py:821} INFO - Searching for files in /usr/local/airflow/dags
[2024-12-18T04:39:00.815+0000] {manager.py:824} INFO - There are 0 files in /usr/local/airflow/dags
[2024-12-18T04:44:01.218+0000] {manager.py:821} INFO - Searching for files in /usr/local/airflow/dags
[2024-12-18T04:44:01.236+0000] {manager.py:824} INFO - There are 0 files in /usr/local/airflow/dags
[2024-12-18T04:49:01.795+0000] {manager.py:821} INFO - Searching for files in /usr/local/airflow/dags
[2024-12-18T04:49:01.807+0000] {manager.py:824} INFO - There are 0 files in /usr/local/airflow/dags
[2024-12-18T04:54:01.857+0000] {manager.py:821} INFO - Searching for files in /usr/local/airflow/dags
[2024-12-18T04:54:01.890+0000] {manager.py:824} INFO - There are 0 files in /usr/local/airflow/dags
[2024-12-18T04:59:02.252+0000] {manager.py:821} INFO - Searching for files in /usr/local/airflow/dags
[2024-12-18T04:59:02.263+0000] {manager.py:824} INFO - There are 0 files in /usr/local/airflow/dags
[2024-12-18T05:04:02.259+0000] {manager.py:821} INFO - Searching for files in /usr/local/airflow/dags
[2024-12-18T05:04:02.274+0000] {manager.py:824} INFO - There are 0 files in /usr/local/airflow/dags
[2024-12-18T05:09:02.726+0000] {manager.py:821} INFO - Searching for files in /usr/local/airflow/dags
[2024-12-18T05:09:02.739+0000] {manager.py:824} INFO - There are 0 files in /usr/local/airflow/dags
[2024-12-18T05:14:03.218+0000] {manager.py:821} INFO - Searching for files in /usr/local/airflow/dags
[2024-12-18T05:14:03.240+0000] {manager.py:824} INFO - There are 0 files in /usr/local/airflow/dags
[2024-12-18T05:19:03.260+0000] {manager.py:821} INFO - Searching for files in /usr/local/airflow/dags
[2024-12-18T05:19:03.270+0000] {manager.py:824} INFO - There are 0 files in /usr/local/airflow/dags
[2024-12-18T05:24:03.730+0000] {manager.py:821} INFO - Searching for files in /usr/local/airflow/dags
[2024-12-18T05:24:03.749+0000] {manager.py:824} INFO - There are 0 files in /usr/local/airflow/dags
[2024-12-18T05:29:03.968+0000] {manager.py:821} INFO - Searching for files in /usr/local/airflow/dags
[2024-12-18T05:29:03.984+0000] {manager.py:824} INFO - There are 0 files in /usr/local/airflow/dags
[2024-12-18T06:38:58.116+0000] {manager.py:821} INFO - Searching for files in /usr/local/airflow/dags
[2024-12-18T06:38:58.335+0000] {manager.py:824} INFO - There are 0 files in /usr/local/airflow/dags
[2024-12-18T13:50:58.158+0000] {manager.py:821} INFO - Searching for files in /usr/local/airflow/dags
[2024-12-18T13:50:58.556+0000] {manager.py:824} INFO - There are 0 files in /usr/local/airflow/dags
[2024-12-18T13:55:58.184+0000] {manager.py:821} INFO - Searching for files in /usr/local/airflow/dags
[2024-12-18T13:55:58.193+0000] {manager.py:824} INFO - There are 0 files in /usr/local/airflow/dags
[2024-12-18T14:00:59.156+0000] {manager.py:821} INFO - Searching for files in /usr/local/airflow/dags
[2024-12-18T14:00:59.206+0000] {manager.py:824} INFO - There are 0 files in /usr/local/airflow/dags
[2024-12-18T14:05:59.507+0000] {manager.py:821} INFO - Searching for files in /usr/local/airflow/dags
[2024-12-18T14:05:59.511+0000] {manager.py:824} INFO - There are 0 files in /usr/local/airflow/dags
[2024-12-18T14:11:00.038+0000] {manager.py:821} INFO - Searching for files in /usr/local/airflow/dags
[2024-12-18T14:11:00.045+0000] {manager.py:824} INFO - There are 0 files in /usr/local/airflow/dags
[2024-12-18T14:16:00.079+0000] {manager.py:821} INFO - Searching for files in /usr/local/airflow/dags
[2024-12-18T14:16:00.085+0000] {manager.py:824} INFO - There are 0 files in /usr/local/airflow/dags
[2024-12-18T14:21:00.699+0000] {manager.py:821} INFO - Searching for files in /usr/local/airflow/dags
[2024-12-18T14:21:00.705+0000] {manager.py:824} INFO - There are 0 files in /usr/local/airflow/dags
[2024-12-18T14:26:01.664+0000] {manager.py:821} INFO - Searching for files in /usr/local/airflow/dags
[2024-12-18T14:26:01.669+0000] {manager.py:824} INFO - There are 0 files in /usr/local/airflow/dags
[2024-12-18T14:31:02.104+0000] {manager.py:821} INFO - Searching for files in /usr/local/airflow/dags
[2024-12-18T14:31:02.188+0000] {manager.py:824} INFO - There are 0 files in /usr/local/airflow/dags
[2024-12-18T14:36:02.370+0000] {manager.py:821} INFO - Searching for files in /usr/local/airflow/dags
[2024-12-18T14:36:02.375+0000] {manager.py:824} INFO - There are 0 files in /usr/local/airflow/dags
[2024-12-18T14:41:02.402+0000] {manager.py:821} INFO - Searching for files in /usr/local/airflow/dags
[2024-12-18T14:41:02.408+0000] {manager.py:824} INFO - There are 0 files in /usr/local/airflow/dags
[2024-12-18T14:46:02.478+0000] {manager.py:821} INFO - Searching for files in /usr/local/airflow/dags
[2024-12-18T14:46:02.486+0000] {manager.py:824} INFO - There are 0 files in /usr/local/airflow/dags
[2024-12-18T14:51:02.966+0000] {manager.py:821} INFO - Searching for files in /usr/local/airflow/dags
[2024-12-18T14:51:02.975+0000] {manager.py:824} INFO - There are 0 files in /usr/local/airflow/dags
[2024-12-18T14:56:02.981+0000] {manager.py:821} INFO - Searching for files in /usr/local/airflow/dags
[2024-12-18T14:56:02.986+0000] {manager.py:824} INFO - There are 0 files in /usr/local/airflow/dags
[2024-12-18T15:01:03.567+0000] {manager.py:821} INFO - Searching for files in /usr/local/airflow/dags
[2024-12-18T15:01:03.580+0000] {manager.py:824} INFO - There are 0 files in /usr/local/airflow/dags
[2024-12-18T15:06:03.943+0000] {manager.py:821} INFO - Searching for files in /usr/local/airflow/dags
[2024-12-18T15:06:03.954+0000] {manager.py:824} INFO - There are 0 files in /usr/local/airflow/dags
[2024-12-18T15:11:03.946+0000] {manager.py:821} INFO - Searching for files in /usr/local/airflow/dags
[2024-12-18T15:11:03.959+0000] {manager.py:824} INFO - There are 0 files in /usr/local/airflow/dags
[2024-12-18T15:16:04.839+0000] {manager.py:821} INFO - Searching for files in /usr/local/airflow/dags
[2024-12-18T15:16:04.846+0000] {manager.py:824} INFO - There are 0 files in /usr/local/airflow/dags
[2024-12-18T15:21:05.091+0000] {manager.py:821} INFO - Searching for files in /usr/local/airflow/dags
[2024-12-18T15:21:05.100+0000] {manager.py:824} INFO - There are 0 files in /usr/local/airflow/dags
[2024-12-18T15:26:05.628+0000] {manager.py:821} INFO - Searching for files in /usr/local/airflow/dags
[2024-12-18T15:26:05.638+0000] {manager.py:824} INFO - There are 0 files in /usr/local/airflow/dags
[2024-12-18T15:42:14.186+0000] {manager.py:821} INFO - Searching for files in /usr/local/airflow/dags
[2024-12-18T15:42:14.269+0000] {manager.py:824} INFO - There are 0 files in /usr/local/airflow/dags
[2024-12-18T15:47:14.357+0000] {manager.py:821} INFO - Searching for files in /usr/local/airflow/dags
[2024-12-18T15:47:14.364+0000] {manager.py:824} INFO - There are 0 files in /usr/local/airflow/dags
[2024-12-18T15:52:14.520+0000] {manager.py:821} INFO - Searching for files in /usr/local/airflow/dags
[2024-12-18T15:52:14.524+0000] {manager.py:824} INFO - There are 0 files in /usr/local/airflow/dags
[2024-12-18T15:57:14.549+0000] {manager.py:821} INFO - Searching for files in /usr/local/airflow/dags
[2024-12-18T15:57:14.552+0000] {manager.py:824} INFO - There are 0 files in /usr/local/airflow/dags
[2024-12-18T16:02:15.343+0000] {manager.py:821} INFO - Searching for files in /usr/local/airflow/dags
[2024-12-18T16:02:15.358+0000] {manager.py:824} INFO - There are 0 files in /usr/local/airflow/dags
[2024-12-18T16:07:15.437+0000] {manager.py:821} INFO - Searching for files in /usr/local/airflow/dags
[2024-12-18T16:07:15.443+0000] {manager.py:824} INFO - There are 0 files in /usr/local/airflow/dags
[2024-12-18T16:12:16.259+0000] {manager.py:821} INFO - Searching for files in /usr/local/airflow/dags
[2024-12-18T16:12:16.277+0000] {manager.py:824} INFO - There are 0 files in /usr/local/airflow/dags
[2024-12-18T16:17:16.280+0000] {manager.py:821} INFO - Searching for files in /usr/local/airflow/dags
[2024-12-18T16:17:16.288+0000] {manager.py:824} INFO - There are 0 files in /usr/local/airflow/dags
[2024-12-18T16:22:16.476+0000] {manager.py:821} INFO - Searching for files in /usr/local/airflow/dags
[2024-12-18T16:22:16.485+0000] {manager.py:824} INFO - There are 0 files in /usr/local/airflow/dags
[2024-12-18T16:27:18.227+0000] {manager.py:821} INFO - Searching for files in /usr/local/airflow/dags
[2024-12-18T16:27:18.232+0000] {manager.py:824} INFO - There are 0 files in /usr/local/airflow/dags
[2024-12-18T16:32:19.030+0000] {manager.py:821} INFO - Searching for files in /usr/local/airflow/dags
[2024-12-18T16:32:19.043+0000] {manager.py:824} INFO - There are 0 files in /usr/local/airflow/dags
[2024-12-18T16:37:19.380+0000] {manager.py:821} INFO - Searching for files in /usr/local/airflow/dags
[2024-12-18T16:37:19.385+0000] {manager.py:824} INFO - There are 0 files in /usr/local/airflow/dags
[2024-12-18T16:42:19.873+0000] {manager.py:821} INFO - Searching for files in /usr/local/airflow/dags
[2024-12-18T16:42:19.883+0000] {manager.py:824} INFO - There are 0 files in /usr/local/airflow/dags
[2024-12-18T16:47:20.461+0000] {manager.py:821} INFO - Searching for files in /usr/local/airflow/dags
[2024-12-18T16:47:20.467+0000] {manager.py:824} INFO - There are 0 files in /usr/local/airflow/dags
[2024-12-18T16:52:21.301+0000] {manager.py:821} INFO - Searching for files in /usr/local/airflow/dags
[2024-12-18T16:52:21.314+0000] {manager.py:824} INFO - There are 0 files in /usr/local/airflow/dags
[2024-12-18T16:57:21.311+0000] {manager.py:821} INFO - Searching for files in /usr/local/airflow/dags
[2024-12-18T16:57:21.317+0000] {manager.py:824} INFO - There are 0 files in /usr/local/airflow/dags
[2024-12-18T17:02:21.965+0000] {manager.py:821} INFO - Searching for files in /usr/local/airflow/dags
[2024-12-18T17:02:21.972+0000] {manager.py:824} INFO - There are 0 files in /usr/local/airflow/dags
[2024-12-18T17:07:22.522+0000] {manager.py:821} INFO - Searching for files in /usr/local/airflow/dags
[2024-12-18T17:07:22.530+0000] {manager.py:824} INFO - There are 0 files in /usr/local/airflow/dags
[2024-12-18T17:12:22.929+0000] {manager.py:821} INFO - Searching for files in /usr/local/airflow/dags
[2024-12-18T17:12:22.936+0000] {manager.py:824} INFO - There are 0 files in /usr/local/airflow/dags
[2024-12-18T17:17:23.218+0000] {manager.py:821} INFO - Searching for files in /usr/local/airflow/dags
[2024-12-18T17:17:23.223+0000] {manager.py:824} INFO - There are 0 files in /usr/local/airflow/dags
[2024-12-18T17:22:23.373+0000] {manager.py:821} INFO - Searching for files in /usr/local/airflow/dags
[2024-12-18T17:22:23.379+0000] {manager.py:824} INFO - There are 0 files in /usr/local/airflow/dags
[2024-12-18T17:27:24.317+0000] {manager.py:821} INFO - Searching for files in /usr/local/airflow/dags
[2024-12-18T17:27:24.322+0000] {manager.py:824} INFO - There are 0 files in /usr/local/airflow/dags
[2024-12-18T17:32:24.762+0000] {manager.py:821} INFO - Searching for files in /usr/local/airflow/dags
[2024-12-18T17:32:24.794+0000] {manager.py:824} INFO - There are 0 files in /usr/local/airflow/dags
[2024-12-18T17:37:24.826+0000] {manager.py:821} INFO - Searching for files in /usr/local/airflow/dags
[2024-12-18T17:37:24.842+0000] {manager.py:824} INFO - There are 0 files in /usr/local/airflow/dags
[2024-12-18T17:42:24.928+0000] {manager.py:821} INFO - Searching for files in /usr/local/airflow/dags
[2024-12-18T17:42:24.931+0000] {manager.py:824} INFO - There are 0 files in /usr/local/airflow/dags
[2024-12-18T17:47:25.487+0000] {manager.py:821} INFO - Searching for files in /usr/local/airflow/dags
[2024-12-18T17:47:25.495+0000] {manager.py:824} INFO - There are 0 files in /usr/local/airflow/dags
