[2025-01-02T16:16:08.799+0000] {local_task_job_runner.py:123} INFO - ::group::Pre task execution logs
[2025-01-02T16:16:08.888+0000] {taskinstance.py:2613} INFO - Dependencies all met for dep_context=non-requeueable deps ti=<TaskInstance: api_to_kafka_pipeline.fetch_and_produce_data scheduled__2024-12-27T16:00:00+00:00 [queued]>
[2025-01-02T16:16:08.898+0000] {taskinstance.py:2613} INFO - Dependencies all met for dep_context=requeueable deps ti=<TaskInstance: api_to_kafka_pipeline.fetch_and_produce_data scheduled__2024-12-27T16:00:00+00:00 [queued]>
[2025-01-02T16:16:08.899+0000] {taskinstance.py:2866} INFO - Starting attempt 5 of 3
[2025-01-02T16:16:08.994+0000] {taskinstance.py:2889} INFO - Executing <Task(PythonOperator): fetch_and_produce_data> on 2024-12-27 16:00:00+00:00
[2025-01-02T16:16:09.005+0000] {standard_task_runner.py:104} INFO - Running: ['airflow', 'tasks', 'run', 'api_to_kafka_pipeline', 'fetch_and_produce_data', 'scheduled__2024-12-27T16:00:00+00:00', '--job-id', '185', '--raw', '--subdir', 'DAGS_FOLDER/api_to_kafka_dag.py', '--cfg-path', '/tmp/tmpojodtmbs']
[2025-01-02T16:16:09.008+0000] {logging_mixin.py:190} WARNING - /home/airflow/.local/lib/python3.12/site-packages/airflow/task/task_runner/standard_task_runner.py:70 DeprecationWarning: This process (pid=136) is multi-threaded, use of fork() may lead to deadlocks in the child.
[2025-01-02T16:16:09.086+0000] {standard_task_runner.py:105} INFO - Job 185: Subtask fetch_and_produce_data
[2025-01-02T16:16:09.092+0000] {standard_task_runner.py:72} INFO - Started process 159 to run task
[2025-01-02T16:16:12.199+0000] {task_command.py:467} INFO - Running <TaskInstance: api_to_kafka_pipeline.fetch_and_produce_data scheduled__2024-12-27T16:00:00+00:00 [running]> on host 90575834d22b
[2025-01-02T16:16:12.703+0000] {taskinstance.py:3132} INFO - Exporting env vars: AIRFLOW_CTX_DAG_OWNER='airflow' AIRFLOW_CTX_DAG_ID='api_to_kafka_pipeline' AIRFLOW_CTX_TASK_ID='fetch_and_produce_data' AIRFLOW_CTX_EXECUTION_DATE='2024-12-27T16:00:00+00:00' AIRFLOW_CTX_TRY_NUMBER='5' AIRFLOW_CTX_DAG_RUN_ID='scheduled__2024-12-27T16:00:00+00:00'
[2025-01-02T16:16:12.705+0000] {taskinstance.py:731} INFO - ::endgroup::
[2025-01-02T16:16:12.908+0000] {api_to_kafka_dag.py:85} INFO - Fetching data for IBM at 5min interval
[2025-01-02T16:16:13.245+0000] {api_to_kafka_dag.py:93} INFO - Processing and sending data to Kafka
[2025-01-02T16:30:14.948+0000] {local_task_job_runner.py:346} WARNING - State of this instance has been externally set to restarting. Terminating instance.
[2025-01-02T16:30:14.950+0000] {local_task_job_runner.py:245} INFO - ::endgroup::
[2025-01-02T16:30:14.951+0000] {process_utils.py:132} INFO - Sending 15 to group 159. PIDs of all processes in the group: [159]
[2025-01-02T16:30:14.952+0000] {process_utils.py:87} INFO - Sending the signal 15 to group 159
[2025-01-02T16:31:20.462+0000] {process_utils.py:150} WARNING - process psutil.Process(pid=159, name='airflow task ru', status='sleeping', started='16:16:08') did not respond to SIGTERM. Trying SIGKILL
[2025-01-02T16:31:20.469+0000] {process_utils.py:87} INFO - Sending the signal 9 to group 159
[2025-01-02T16:31:20.483+0000] {process_utils.py:80} INFO - Process psutil.Process(pid=159, name='airflow task ru', status='terminated', exitcode=<Negsignal.SIGKILL: -9>, started='16:16:08') (159) terminated with exit code -9
[2025-01-02T16:31:20.485+0000] {standard_task_runner.py:190} ERROR - ('Job 185 was killed before it finished (likely due to running out of memory)', 'For more information, see https://airflow.apache.org/docs/apache-airflow/stable/troubleshooting.html#LocalTaskJob-killed')
