[2024-12-30T20:34:33.708+0000] {local_task_job_runner.py:123} INFO - ::group::Pre task execution logs
[2024-12-30T20:34:33.764+0000] {taskinstance.py:2613} INFO - Dependencies all met for dep_context=non-requeueable deps ti=<TaskInstance: api_to_kafka_pipeline.fetch_and_produce_data scheduled__2024-12-27T17:00:00+00:00 [queued]>
[2024-12-30T20:34:33.779+0000] {taskinstance.py:2613} INFO - Dependencies all met for dep_context=requeueable deps ti=<TaskInstance: api_to_kafka_pipeline.fetch_and_produce_data scheduled__2024-12-27T17:00:00+00:00 [queued]>
[2024-12-30T20:34:33.780+0000] {taskinstance.py:2866} INFO - Starting attempt 1 of 3
[2024-12-30T20:34:33.809+0000] {taskinstance.py:2889} INFO - Executing <Task(PythonOperator): fetch_and_produce_data> on 2024-12-27 17:00:00+00:00
[2024-12-30T20:34:33.862+0000] {standard_task_runner.py:104} INFO - Running: ['airflow', 'tasks', 'run', 'api_to_kafka_pipeline', 'fetch_and_produce_data', 'scheduled__2024-12-27T17:00:00+00:00', '--job-id', '151', '--raw', '--subdir', 'DAGS_FOLDER/api_to_kafka_dag.py', '--cfg-path', '/tmp/tmp4mtt3h9i']
[2024-12-30T20:34:33.866+0000] {standard_task_runner.py:105} INFO - Job 151: Subtask fetch_and_produce_data
[2024-12-30T20:34:33.973+0000] {logging_mixin.py:190} WARNING - /home/airflow/.local/lib/python3.12/site-packages/airflow/task/task_runner/standard_task_runner.py:70 DeprecationWarning: This process (pid=12440) is multi-threaded, use of fork() may lead to deadlocks in the child.
[2024-12-30T20:34:33.974+0000] {standard_task_runner.py:72} INFO - Started process 12454 to run task
[2024-12-30T20:34:34.157+0000] {task_command.py:467} INFO - Running <TaskInstance: api_to_kafka_pipeline.fetch_and_produce_data scheduled__2024-12-27T17:00:00+00:00 [running]> on host 6dfcffa93945
[2024-12-30T20:34:34.465+0000] {taskinstance.py:3132} INFO - Exporting env vars: AIRFLOW_CTX_DAG_OWNER='airflow' AIRFLOW_CTX_DAG_ID='api_to_kafka_pipeline' AIRFLOW_CTX_TASK_ID='fetch_and_produce_data' AIRFLOW_CTX_EXECUTION_DATE='2024-12-27T17:00:00+00:00' AIRFLOW_CTX_TRY_NUMBER='1' AIRFLOW_CTX_DAG_RUN_ID='scheduled__2024-12-27T17:00:00+00:00'
[2024-12-30T20:34:34.466+0000] {taskinstance.py:731} INFO - ::endgroup::
[2024-12-30T20:34:34.532+0000] {api_to_kafka_dag.py:85} INFO - Fetching data for IBM at 5min interval
[2024-12-30T20:35:03.212+0000] {api_to_kafka_dag.py:93} INFO - Processing and sending data to Kafka
[2024-12-31T01:21:27.185+0000] {job.py:229} INFO - Heartbeat recovered after 11392.07 seconds
[2024-12-31T01:21:29.293+0000] {local_task_job_runner.py:228} ERROR - Heartbeat time limit exceeded!
[2024-12-31T01:21:29.557+0000] {local_task_job_runner.py:245} INFO - ::endgroup::
[2024-12-31T01:21:29.568+0000] {process_utils.py:132} INFO - Sending 15 to group 12454. PIDs of all processes in the group: [12454]
[2024-12-31T01:21:29.679+0000] {process_utils.py:87} INFO - Sending the signal 15 to group 12454
[2024-12-31T01:22:29.672+0000] {process_utils.py:150} WARNING - process psutil.Process(pid=12454, name='airflow task ru', status='sleeping', started='20:34:33') did not respond to SIGTERM. Trying SIGKILL
[2024-12-31T01:22:29.685+0000] {process_utils.py:87} INFO - Sending the signal 9 to group 12454
[2024-12-31T01:22:29.894+0000] {process_utils.py:80} INFO - Process psutil.Process(pid=12454, name='airflow task ru', status='terminated', exitcode=<Negsignal.SIGKILL: -9>, started='20:34:33') (12454) terminated with exit code -9
[2024-12-31T01:22:29.956+0000] {standard_task_runner.py:190} ERROR - ('Job 151 was killed before it finished (likely due to running out of memory)', 'For more information, see https://airflow.apache.org/docs/apache-airflow/stable/troubleshooting.html#LocalTaskJob-killed')
