[2024-12-26T06:00:00.813+0000] {local_task_job_runner.py:123} INFO - ::group::Pre task execution logs
[2024-12-26T06:00:00.844+0000] {taskinstance.py:2613} INFO - Dependencies all met for dep_context=non-requeueable deps ti=<TaskInstance: api_to_kafka_pipeline.fetch_and_produce_data scheduled__2024-12-26T05:00:00+00:00 [queued]>
[2024-12-26T06:00:00.859+0000] {taskinstance.py:2613} INFO - Dependencies all met for dep_context=requeueable deps ti=<TaskInstance: api_to_kafka_pipeline.fetch_and_produce_data scheduled__2024-12-26T05:00:00+00:00 [queued]>
[2024-12-26T06:00:00.861+0000] {taskinstance.py:2866} INFO - Starting attempt 1 of 2
[2024-12-26T06:00:00.889+0000] {taskinstance.py:2889} INFO - Executing <Task(PythonOperator): fetch_and_produce_data> on 2024-12-26 05:00:00+00:00
[2024-12-26T06:00:00.904+0000] {standard_task_runner.py:104} INFO - Running: ['airflow', 'tasks', 'run', 'api_to_kafka_pipeline', 'fetch_and_produce_data', 'scheduled__2024-12-26T05:00:00+00:00', '--job-id', '68', '--raw', '--subdir', 'DAGS_FOLDER/api_to_kafka_dag.py', '--cfg-path', '/tmp/tmpqfrjmrwt']
[2024-12-26T06:00:00.908+0000] {standard_task_runner.py:105} INFO - Job 68: Subtask fetch_and_produce_data
[2024-12-26T06:00:00.912+0000] {logging_mixin.py:190} WARNING - /home/airflow/.local/lib/python3.12/site-packages/airflow/task/task_runner/standard_task_runner.py:70 DeprecationWarning: This process (pid=7187) is multi-threaded, use of fork() may lead to deadlocks in the child.
[2024-12-26T06:00:00.913+0000] {standard_task_runner.py:72} INFO - Started process 7191 to run task
[2024-12-26T06:00:01.414+0000] {task_command.py:467} INFO - Running <TaskInstance: api_to_kafka_pipeline.fetch_and_produce_data scheduled__2024-12-26T05:00:00+00:00 [running]> on host 0f607e57b1dd
[2024-12-26T06:00:01.588+0000] {taskinstance.py:3132} INFO - Exporting env vars: AIRFLOW_CTX_DAG_OWNER='airflow' AIRFLOW_CTX_DAG_ID='api_to_kafka_pipeline' AIRFLOW_CTX_TASK_ID='fetch_and_produce_data' AIRFLOW_CTX_EXECUTION_DATE='2024-12-26T05:00:00+00:00' AIRFLOW_CTX_TRY_NUMBER='1' AIRFLOW_CTX_DAG_RUN_ID='scheduled__2024-12-26T05:00:00+00:00'
[2024-12-26T06:00:01.589+0000] {taskinstance.py:731} INFO - ::endgroup::
[2024-12-26T06:00:04.602+0000] {logging_mixin.py:190} INFO - ✅ Data fetched successfully for IBM at 5min interval.
[2024-12-26T06:00:04.605+0000] {logging_mixin.py:190} INFO - 🚀 Sending data to Kafka...
[2024-12-26T06:14:47.916+0000] {local_task_job_runner.py:127} ERROR - Received SIGTERM. Terminating subprocesses
[2024-12-26T06:14:47.944+0000] {process_utils.py:132} INFO - Sending 15 to group 7191. PIDs of all processes in the group: [7191]
[2024-12-26T06:14:47.946+0000] {process_utils.py:87} INFO - Sending the signal 15 to group 7191
[2024-12-26T06:14:48.351+0000] {local_task_job_runner.py:127} ERROR - Received SIGTERM. Terminating subprocesses
[2024-12-26T06:14:48.354+0000] {process_utils.py:132} INFO - Sending 15 to group 7191. PIDs of all processes in the group: [7191]
[2024-12-26T06:14:48.355+0000] {process_utils.py:87} INFO - Sending the signal 15 to group 7191
