[2024-12-27T05:24:36.327+0000] {local_task_job_runner.py:123} INFO - ::group::Pre task execution logs
[2024-12-27T05:24:36.390+0000] {taskinstance.py:2613} INFO - Dependencies all met for dep_context=non-requeueable deps ti=<TaskInstance: api_to_kafka_pipeline.fetch_and_produce_data scheduled__2024-12-26T19:00:00+00:00 [queued]>
[2024-12-27T05:24:36.417+0000] {taskinstance.py:2613} INFO - Dependencies all met for dep_context=requeueable deps ti=<TaskInstance: api_to_kafka_pipeline.fetch_and_produce_data scheduled__2024-12-26T19:00:00+00:00 [queued]>
[2024-12-27T05:24:36.418+0000] {taskinstance.py:2866} INFO - Starting attempt 2 of 3
[2024-12-27T05:24:36.452+0000] {taskinstance.py:2889} INFO - Executing <Task(PythonOperator): fetch_and_produce_data> on 2024-12-26 19:00:00+00:00
[2024-12-27T05:24:36.462+0000] {standard_task_runner.py:104} INFO - Running: ['airflow', 'tasks', 'run', 'api_to_kafka_pipeline', 'fetch_and_produce_data', 'scheduled__2024-12-26T19:00:00+00:00', '--job-id', '112', '--raw', '--subdir', 'DAGS_FOLDER/api_to_kafka_dag.py', '--cfg-path', '/tmp/tmpzn_8uny5']
[2024-12-27T05:24:36.480+0000] {standard_task_runner.py:105} INFO - Job 112: Subtask fetch_and_produce_data
[2024-12-27T05:24:36.503+0000] {logging_mixin.py:190} WARNING - /home/airflow/.local/lib/python3.12/site-packages/airflow/task/task_runner/standard_task_runner.py:70 DeprecationWarning: This process (pid=15502) is multi-threaded, use of fork() may lead to deadlocks in the child.
[2024-12-27T05:24:36.504+0000] {standard_task_runner.py:72} INFO - Started process 15506 to run task
[2024-12-27T05:24:36.604+0000] {task_command.py:467} INFO - Running <TaskInstance: api_to_kafka_pipeline.fetch_and_produce_data scheduled__2024-12-26T19:00:00+00:00 [running]> on host bd7ba946b34c
[2024-12-27T05:24:36.739+0000] {taskinstance.py:3132} INFO - Exporting env vars: AIRFLOW_CTX_DAG_OWNER='airflow' AIRFLOW_CTX_DAG_ID='api_to_kafka_pipeline' AIRFLOW_CTX_TASK_ID='fetch_and_produce_data' AIRFLOW_CTX_EXECUTION_DATE='2024-12-26T19:00:00+00:00' AIRFLOW_CTX_TRY_NUMBER='2' AIRFLOW_CTX_DAG_RUN_ID='scheduled__2024-12-26T19:00:00+00:00'
[2024-12-27T05:24:36.741+0000] {taskinstance.py:731} INFO - ::endgroup::
[2024-12-27T05:24:36.767+0000] {api_to_kafka_dag.py:85} INFO - Fetching data for IBM at 5min interval
[2024-12-27T05:24:38.887+0000] {api_to_kafka_dag.py:95} INFO - Processing and sending data to Kafka
[2024-12-27T05:47:51.741+0000] {local_task_job_runner.py:346} WARNING - State of this instance has been externally set to None. Terminating instance.
[2024-12-27T05:47:51.806+0000] {local_task_job_runner.py:245} INFO - ::endgroup::
[2024-12-27T05:47:51.811+0000] {process_utils.py:132} INFO - Sending 15 to group 15506. PIDs of all processes in the group: [15506]
[2024-12-27T05:47:51.813+0000] {process_utils.py:87} INFO - Sending the signal 15 to group 15506
[2024-12-27T05:48:51.825+0000] {process_utils.py:150} WARNING - process psutil.Process(pid=15506, name='airflow task ru', status='sleeping', started='05:24:36') did not respond to SIGTERM. Trying SIGKILL
[2024-12-27T05:48:51.836+0000] {process_utils.py:87} INFO - Sending the signal 9 to group 15506
[2024-12-27T05:48:51.846+0000] {process_utils.py:80} INFO - Process psutil.Process(pid=15506, name='airflow task ru', status='terminated', exitcode=<Negsignal.SIGKILL: -9>, started='05:24:36') (15506) terminated with exit code -9
[2024-12-27T05:48:51.850+0000] {standard_task_runner.py:190} ERROR - ('Job 112 was killed before it finished (likely due to running out of memory)', 'For more information, see https://airflow.apache.org/docs/apache-airflow/stable/troubleshooting.html#LocalTaskJob-killed')
