[2024-12-26T19:00:00.810+0000] {local_task_job_runner.py:123} INFO - ::group::Pre task execution logs
[2024-12-26T19:00:00.827+0000] {taskinstance.py:2613} INFO - Dependencies all met for dep_context=non-requeueable deps ti=<TaskInstance: api_to_kafka_pipeline.fetch_and_produce_data scheduled__2024-12-26T18:00:00+00:00 [queued]>
[2024-12-26T19:00:00.835+0000] {taskinstance.py:2613} INFO - Dependencies all met for dep_context=requeueable deps ti=<TaskInstance: api_to_kafka_pipeline.fetch_and_produce_data scheduled__2024-12-26T18:00:00+00:00 [queued]>
[2024-12-26T19:00:00.836+0000] {taskinstance.py:2866} INFO - Starting attempt 1 of 3
[2024-12-26T19:00:00.849+0000] {taskinstance.py:2889} INFO - Executing <Task(PythonOperator): fetch_and_produce_data> on 2024-12-26 18:00:00+00:00
[2024-12-26T19:00:00.855+0000] {standard_task_runner.py:104} INFO - Running: ['airflow', 'tasks', 'run', 'api_to_kafka_pipeline', 'fetch_and_produce_data', 'scheduled__2024-12-26T18:00:00+00:00', '--job-id', '102', '--raw', '--subdir', 'DAGS_FOLDER/api_to_kafka_dag.py', '--cfg-path', '/tmp/tmptgf72ikz']
[2024-12-26T19:00:00.857+0000] {standard_task_runner.py:105} INFO - Job 102: Subtask fetch_and_produce_data
[2024-12-26T19:00:00.870+0000] {logging_mixin.py:190} WARNING - /home/airflow/.local/lib/python3.12/site-packages/airflow/task/task_runner/standard_task_runner.py:70 DeprecationWarning: This process (pid=6277) is multi-threaded, use of fork() may lead to deadlocks in the child.
[2024-12-26T19:00:00.871+0000] {standard_task_runner.py:72} INFO - Started process 6281 to run task
[2024-12-26T19:00:00.901+0000] {task_command.py:467} INFO - Running <TaskInstance: api_to_kafka_pipeline.fetch_and_produce_data scheduled__2024-12-26T18:00:00+00:00 [running]> on host bd7ba946b34c
[2024-12-26T19:00:00.982+0000] {taskinstance.py:3132} INFO - Exporting env vars: AIRFLOW_CTX_DAG_OWNER='airflow' AIRFLOW_CTX_DAG_ID='api_to_kafka_pipeline' AIRFLOW_CTX_TASK_ID='fetch_and_produce_data' AIRFLOW_CTX_EXECUTION_DATE='2024-12-26T18:00:00+00:00' AIRFLOW_CTX_TRY_NUMBER='1' AIRFLOW_CTX_DAG_RUN_ID='scheduled__2024-12-26T18:00:00+00:00'
[2024-12-26T19:00:00.983+0000] {taskinstance.py:731} INFO - ::endgroup::
[2024-12-26T19:00:00.996+0000] {api_to_kafka_dag.py:85} INFO - Fetching data for IBM at 5min interval
[2024-12-26T19:00:03.306+0000] {api_to_kafka_dag.py:95} INFO - Processing and sending data to Kafka
[2024-12-26T21:41:04.574+0000] {job.py:229} INFO - Heartbeat recovered after 5453.72 seconds
[2024-12-26T21:41:16.032+0000] {local_task_job_runner.py:346} WARNING - State of this instance has been externally set to up_for_retry. Terminating instance.
[2024-12-26T21:41:16.039+0000] {local_task_job_runner.py:245} INFO - ::endgroup::
[2024-12-26T21:41:16.048+0000] {process_utils.py:132} INFO - Sending 15 to group 6281. PIDs of all processes in the group: [6281]
[2024-12-26T21:41:16.051+0000] {process_utils.py:87} INFO - Sending the signal 15 to group 6281
[2024-12-26T21:42:16.054+0000] {process_utils.py:150} WARNING - process psutil.Process(pid=6281, name='airflow task ru', status='sleeping', started='19:00:00') did not respond to SIGTERM. Trying SIGKILL
[2024-12-26T21:42:16.109+0000] {process_utils.py:87} INFO - Sending the signal 9 to group 6281
[2024-12-26T21:42:16.204+0000] {process_utils.py:80} INFO - Process psutil.Process(pid=6281, name='airflow task ru', status='terminated', exitcode=<Negsignal.SIGKILL: -9>, started='19:00:00') (6281) terminated with exit code -9
[2024-12-26T21:42:16.208+0000] {standard_task_runner.py:190} ERROR - ('Job 102 was killed before it finished (likely due to running out of memory)', 'For more information, see https://airflow.apache.org/docs/apache-airflow/stable/troubleshooting.html#LocalTaskJob-killed')
