[2024-12-26T21:46:08.570+0000] {local_task_job_runner.py:123} INFO - ::group::Pre task execution logs
[2024-12-26T21:46:08.594+0000] {taskinstance.py:2613} INFO - Dependencies all met for dep_context=non-requeueable deps ti=<TaskInstance: api_to_kafka_pipeline.fetch_and_produce_data scheduled__2024-12-26T18:00:00+00:00 [queued]>
[2024-12-26T21:46:08.604+0000] {taskinstance.py:2613} INFO - Dependencies all met for dep_context=requeueable deps ti=<TaskInstance: api_to_kafka_pipeline.fetch_and_produce_data scheduled__2024-12-26T18:00:00+00:00 [queued]>
[2024-12-26T21:46:08.605+0000] {taskinstance.py:2866} INFO - Starting attempt 2 of 3
[2024-12-26T21:46:08.656+0000] {taskinstance.py:2889} INFO - Executing <Task(PythonOperator): fetch_and_produce_data> on 2024-12-26 18:00:00+00:00
[2024-12-26T21:46:08.665+0000] {standard_task_runner.py:104} INFO - Running: ['airflow', 'tasks', 'run', 'api_to_kafka_pipeline', 'fetch_and_produce_data', 'scheduled__2024-12-26T18:00:00+00:00', '--job-id', '106', '--raw', '--subdir', 'DAGS_FOLDER/api_to_kafka_dag.py', '--cfg-path', '/tmp/tmp78x4ydl4']
[2024-12-26T21:46:08.668+0000] {standard_task_runner.py:105} INFO - Job 106: Subtask fetch_and_produce_data
[2024-12-26T21:46:08.758+0000] {logging_mixin.py:190} WARNING - /home/airflow/.local/lib/python3.12/site-packages/airflow/task/task_runner/standard_task_runner.py:70 DeprecationWarning: This process (pid=10188) is multi-threaded, use of fork() may lead to deadlocks in the child.
[2024-12-26T21:46:08.760+0000] {standard_task_runner.py:72} INFO - Started process 10195 to run task
[2024-12-26T21:46:08.789+0000] {task_command.py:467} INFO - Running <TaskInstance: api_to_kafka_pipeline.fetch_and_produce_data scheduled__2024-12-26T18:00:00+00:00 [running]> on host bd7ba946b34c
[2024-12-26T21:46:09.059+0000] {taskinstance.py:3132} INFO - Exporting env vars: AIRFLOW_CTX_DAG_OWNER='airflow' AIRFLOW_CTX_DAG_ID='api_to_kafka_pipeline' AIRFLOW_CTX_TASK_ID='fetch_and_produce_data' AIRFLOW_CTX_EXECUTION_DATE='2024-12-26T18:00:00+00:00' AIRFLOW_CTX_TRY_NUMBER='2' AIRFLOW_CTX_DAG_RUN_ID='scheduled__2024-12-26T18:00:00+00:00'
[2024-12-26T21:46:09.060+0000] {taskinstance.py:731} INFO - ::endgroup::
[2024-12-26T21:46:09.088+0000] {api_to_kafka_dag.py:85} INFO - Fetching data for IBM at 5min interval
[2024-12-26T21:46:09.421+0000] {api_to_kafka_dag.py:92} ERROR - No time series data found in the response
[2024-12-26T21:46:09.422+0000] {python.py:240} INFO - Done. Returned value was: None
[2024-12-26T21:46:09.456+0000] {taskinstance.py:340} INFO - ::group::Post task execution logs
[2024-12-26T21:46:09.458+0000] {taskinstance.py:352} INFO - Marking task as SUCCESS. dag_id=api_to_kafka_pipeline, task_id=fetch_and_produce_data, run_id=scheduled__2024-12-26T18:00:00+00:00, execution_date=20241226T180000, start_date=20241226T214608, end_date=20241226T214609
[2024-12-26T21:46:09.502+0000] {local_task_job_runner.py:266} INFO - Task exited with return code 0
[2024-12-26T21:46:09.546+0000] {taskinstance.py:3895} INFO - 0 downstream tasks scheduled from follow-on schedule check
[2024-12-26T21:46:09.553+0000] {local_task_job_runner.py:245} INFO - ::endgroup::
