[2024-12-26T05:41:59.717+0000] {local_task_job_runner.py:123} INFO - ::group::Pre task execution logs
[2024-12-26T05:41:59.814+0000] {taskinstance.py:2613} INFO - Dependencies all met for dep_context=non-requeueable deps ti=<TaskInstance: api_to_kafka_pipeline.fetch_and_produce_data scheduled__2024-12-25T15:00:00+00:00 [queued]>
[2024-12-26T05:41:59.840+0000] {taskinstance.py:2613} INFO - Dependencies all met for dep_context=requeueable deps ti=<TaskInstance: api_to_kafka_pipeline.fetch_and_produce_data scheduled__2024-12-25T15:00:00+00:00 [queued]>
[2024-12-26T05:41:59.841+0000] {taskinstance.py:2866} INFO - Starting attempt 2 of 2
[2024-12-26T05:41:59.879+0000] {taskinstance.py:2889} INFO - Executing <Task(PythonOperator): fetch_and_produce_data> on 2024-12-25 15:00:00+00:00
[2024-12-26T05:41:59.935+0000] {logging_mixin.py:190} WARNING - /home/airflow/.local/lib/python3.12/site-packages/airflow/task/task_runner/standard_task_runner.py:70 DeprecationWarning: This process (pid=6470) is multi-threaded, use of fork() may lead to deadlocks in the child.
[2024-12-26T05:41:59.925+0000] {standard_task_runner.py:104} INFO - Running: ['airflow', 'tasks', 'run', 'api_to_kafka_pipeline', 'fetch_and_produce_data', 'scheduled__2024-12-25T15:00:00+00:00', '--job-id', '66', '--raw', '--subdir', 'DAGS_FOLDER/api_to_kafka_dag.py', '--cfg-path', '/tmp/tmpkx24hezv']
[2024-12-26T05:41:59.948+0000] {standard_task_runner.py:72} INFO - Started process 6478 to run task
[2024-12-26T05:41:59.948+0000] {standard_task_runner.py:105} INFO - Job 66: Subtask fetch_and_produce_data
[2024-12-26T05:42:00.118+0000] {task_command.py:467} INFO - Running <TaskInstance: api_to_kafka_pipeline.fetch_and_produce_data scheduled__2024-12-25T15:00:00+00:00 [running]> on host 0f607e57b1dd
[2024-12-26T05:42:00.237+0000] {taskinstance.py:3132} INFO - Exporting env vars: AIRFLOW_CTX_DAG_OWNER='airflow' AIRFLOW_CTX_DAG_ID='api_to_kafka_pipeline' AIRFLOW_CTX_TASK_ID='fetch_and_produce_data' AIRFLOW_CTX_EXECUTION_DATE='2024-12-25T15:00:00+00:00' AIRFLOW_CTX_TRY_NUMBER='2' AIRFLOW_CTX_DAG_RUN_ID='scheduled__2024-12-25T15:00:00+00:00'
[2024-12-26T05:42:00.238+0000] {taskinstance.py:731} INFO - ::endgroup::
[2024-12-26T05:42:00.602+0000] {logging_mixin.py:190} INFO - ✅ Data fetched successfully for IBM at 5min interval.
[2024-12-26T05:42:00.604+0000] {logging_mixin.py:190} INFO - 🚀 Sending data to Kafka...
[2024-12-26T06:14:48.127+0000] {local_task_job_runner.py:127} ERROR - Received SIGTERM. Terminating subprocesses
[2024-12-26T06:14:48.219+0000] {process_utils.py:132} INFO - Sending 15 to group 6478. PIDs of all processes in the group: [6478]
[2024-12-26T06:14:48.235+0000] {process_utils.py:87} INFO - Sending the signal 15 to group 6478
[2024-12-26T06:14:48.352+0000] {local_task_job_runner.py:127} ERROR - Received SIGTERM. Terminating subprocesses
[2024-12-26T06:14:48.355+0000] {process_utils.py:132} INFO - Sending 15 to group 6478. PIDs of all processes in the group: [6478]
[2024-12-26T06:14:48.356+0000] {process_utils.py:87} INFO - Sending the signal 15 to group 6478
