[2024-12-26T05:41:57.659+0000] {local_task_job_runner.py:123} INFO - ::group::Pre task execution logs
[2024-12-26T05:41:57.703+0000] {taskinstance.py:2613} INFO - Dependencies all met for dep_context=non-requeueable deps ti=<TaskInstance: api_to_kafka_pipeline.fetch_and_produce_data scheduled__2024-12-25T14:00:00+00:00 [queued]>
[2024-12-26T05:41:57.722+0000] {taskinstance.py:2613} INFO - Dependencies all met for dep_context=requeueable deps ti=<TaskInstance: api_to_kafka_pipeline.fetch_and_produce_data scheduled__2024-12-25T14:00:00+00:00 [queued]>
[2024-12-26T05:41:57.724+0000] {taskinstance.py:2866} INFO - Starting attempt 2 of 2
[2024-12-26T05:41:57.762+0000] {taskinstance.py:2889} INFO - Executing <Task(PythonOperator): fetch_and_produce_data> on 2024-12-25 14:00:00+00:00
[2024-12-26T05:41:57.777+0000] {standard_task_runner.py:104} INFO - Running: ['airflow', 'tasks', 'run', 'api_to_kafka_pipeline', 'fetch_and_produce_data', 'scheduled__2024-12-25T14:00:00+00:00', '--job-id', '64', '--raw', '--subdir', 'DAGS_FOLDER/api_to_kafka_dag.py', '--cfg-path', '/tmp/tmpoky2sip9']
[2024-12-26T05:41:57.783+0000] {standard_task_runner.py:105} INFO - Job 64: Subtask fetch_and_produce_data
[2024-12-26T05:41:57.788+0000] {logging_mixin.py:190} WARNING - /home/airflow/.local/lib/python3.12/site-packages/airflow/task/task_runner/standard_task_runner.py:70 DeprecationWarning: This process (pid=6463) is multi-threaded, use of fork() may lead to deadlocks in the child.
[2024-12-26T05:41:57.790+0000] {standard_task_runner.py:72} INFO - Started process 6467 to run task
[2024-12-26T05:41:57.953+0000] {task_command.py:467} INFO - Running <TaskInstance: api_to_kafka_pipeline.fetch_and_produce_data scheduled__2024-12-25T14:00:00+00:00 [running]> on host 0f607e57b1dd
[2024-12-26T05:41:58.210+0000] {taskinstance.py:3132} INFO - Exporting env vars: AIRFLOW_CTX_DAG_OWNER='airflow' AIRFLOW_CTX_DAG_ID='api_to_kafka_pipeline' AIRFLOW_CTX_TASK_ID='fetch_and_produce_data' AIRFLOW_CTX_EXECUTION_DATE='2024-12-25T14:00:00+00:00' AIRFLOW_CTX_TRY_NUMBER='2' AIRFLOW_CTX_DAG_RUN_ID='scheduled__2024-12-25T14:00:00+00:00'
[2024-12-26T05:41:58.212+0000] {taskinstance.py:731} INFO - ::endgroup::
[2024-12-26T05:41:59.170+0000] {logging_mixin.py:190} INFO - ✅ Data fetched successfully for IBM at 5min interval.
[2024-12-26T05:41:59.171+0000] {logging_mixin.py:190} INFO - 🚀 Sending data to Kafka...
[2024-12-26T06:14:47.981+0000] {local_task_job_runner.py:127} ERROR - Received SIGTERM. Terminating subprocesses
[2024-12-26T06:14:48.120+0000] {process_utils.py:132} INFO - Sending 15 to group 6467. PIDs of all processes in the group: [6467]
[2024-12-26T06:14:48.161+0000] {process_utils.py:87} INFO - Sending the signal 15 to group 6467
[2024-12-26T06:14:48.351+0000] {local_task_job_runner.py:127} ERROR - Received SIGTERM. Terminating subprocesses
[2024-12-26T06:14:48.358+0000] {process_utils.py:132} INFO - Sending 15 to group 6467. PIDs of all processes in the group: [6467]
[2024-12-26T06:14:48.358+0000] {process_utils.py:87} INFO - Sending the signal 15 to group 6467
